{"logTime": "0428/104029", "correlationVector":"/Tmh3ACFW9PFHlLa6DWMDF.1","action":"SyncServerConnectionManagerRequest", "result":"SYNC_SERVER_OK", "context":{"environment":"Prod_germanywestcentral_prod-s01-011-eur-germanywestcentral", "migrationStage":"NotStarted", "server":"akswtt003000016"}}
{"logTime": "0428/104029", "correlationVector":"/Tmh3ACFW9PFHlLa6DWMDF.2","action":"ProcessGetUpdates", "result":"Done", "context":{"dataType":"Encryption Keys", "deleted":"0", "process_failed_to_decrypt":"0", "process_pending_decryption":"0", "process_success":"1", "total":"1"}}
{"logTime": "0428/104030", "correlationVector":"iR4xXFxKxjZJ7fey7ou6yk","action":"SyncServerConnectionManagerRequest", "result":"SYNC_SERVER_OK", "context":{"environment":"", "migrationStage":"", "server":""}}
{"logTime": "0428/104030", "correlationVector":"iR4xXFxKxjZJ7fey7ou6yk.0","action":"EncryptionKeysFetcher.DownloadKeys:", "result":"Success", "context":Key count: 10, Last key timestamp: 2026-01-29T17:44:43Z}
{"logTime": "0428/104030", "correlationVector":"iR4xXFxKxjZJ7fey7ou6yk.1","action":"EncryptionKeysManager::SetEncryptionKeys:", "result":"Success", "context":Key names[10]:[P0pS3Z4HyRcHBLWnY7OX2pZETCu7aOC2IsqSLfklwVVuzr0dd2UbYhFn6ob/6hK7vujXHmJ/tub9amYNGNmPxA==][9rgrcoE+9vnNQAFzRY72p5f7aC83eVeRwzD5qYOiGGrrFg6lkFf5iTZIZMwRdKc32M4ONqi8OLB2LgsJw28ITw==][ZjNtamVrWr49wX19Z00aEV8VJYdJIPqmUqs4O3CM6gWLt8CzfRIV0Pukc1LIMRlaWZh6/OCVLWmXUJ8bN2i4ng==][36GtOIfAU5jTG7O1R79yBFkBKPtTeEeVtCMV7HmXw6W7OJYaRk347kkUpt0KehWFHZV1oEqVd43FGlBxQV7nLQ==][Dzn5uShzKt6YTX1lcxQCOv4yoerB083ZpuazpHAOkTTZWLudsXBmHX88BrP+YVewT57v1H91XAZuyHseLMdI0g==][llPcDxHGcL8I5V7GA/xETFpGjLZAcc9W7MGRdDEbfdqd+Y2AV7h1iu1CuwwYMLa7MOQVFLL20Ve0jqRZ7CI47A==][ozcKgZil+g8oOdbajePWC0Wlggu5RGLv+qFsnWq+LhgHmTQlzQCPafvpyPlgnPlckibDypd1qMcYc8/m53Kh8A==][L6oKmhC9SgN835rFmdx48YPwmJiYXQnrcOkXKZT0JDp/xv7xsY5bGqz9moDAW5ki64xbW4M4WSlmb1q7iGH9wg==][oXlQLArGQVqXMVSltrqIMF+4IMLpATvIZpxZvBD+uss/9bcAuVHnsASdADi35Ae9KcYpr8jXHekpVwU964uGJw==][1Xbx8MPHsE5oWHuAHHVbXuXGtbTCDqIWRBNN5yZKQfdHAkuk4rSybjmXnXQ1R0p+pMStcJ1HreK5mKG0QCaD2w==]}
{"logTime": "0428/104030", "correlationVector":"iR4xXFxKxjZJ7fey7ou6yk.2","action":"EncryptionKeysManager::SetEncryptionKeysWithTimestamps:", "result":"Success", "context":Key timestamps[10]:[2021-08-13T15:00:45Z][2022-05-03T14:29:04Z][2022-11-10T16:03:34Z][2023-05-10T17:50:09Z][2023-11-08T23:41:15Z][2024-05-19T17:48:55Z][2024-10-20T08:19:49Z][2025-04-28T14:16:42Z][2025-07-16T14:33:49Z][2026-01-29T17:44:43Z]}
{"logTime": "0428/104030", "correlationVector":"/Tmh3ACFW9PFHlLa6DWMDF","action":"Initial GetUpdates", "result":"", "context":Reason: NEW_CLIENT. cV=/Tmh3ACFW9PFHlLa6DWMDF}
{"logTime": "0428/104030", "correlationVector":"/Tmh3ACFW9PFHlLa6DWMDF.3","action":"GetUpdates Response", "result":"Success", "context":Received 1 update(s). cV=/Tmh3ACFW9PFHlLa6DWMDF.0;server=akswtt003000016;cloudType=Consumer;environment=Prod_germanywestcentral_prod-s01-011-eur-germanywestcentral;migrationStage=NotStarted}
{"logTime": "0428/104030", "correlationVector":"MUBi2jU3gFsGuKcAFNa3XE","action":"Initial GetUpdates", "result":"", "context":Reason: NEWLY_SUPPORTED_DATATYPE. cV=MUBi2jU3gFsGuKcAFNa3XE}
{"logTime": "0428/104030", "correlationVector":"MUBi2jU3gFsGuKcAFNa3XE.1","action":"SyncServerConnectionManagerRequest", "result":"SYNC_SERVER_OK", "context":{"environment":"Prod_germanywestcentral_prod-s01-011-eur-germanywestcentral", "migrationStage":"NotStarted", "server":"akswtt003000018"}}
{"logTime": "0428/104030", "correlationVector":"MUBi2jU3gFsGuKcAFNa3XE.2","action":"ProcessGetUpdates", "result":"Done", "context":{"dataType":"Preferences", "deleted":"0", "process_failed_to_decrypt":"0", "process_pending_decryption":"0", "process_success":"55", "total":"55"}}
{"logTime": "0428/104030", "correlationVector":"MUBi2jU3gFsGuKcAFNa3XE.3","action":"ProcessGetUpdates", "result":"Done", "context":{"dataType":"Passwords", "deleted":"0", "process_failed_to_decrypt":"0", "process_pending_decryption":"0", "process_success":"4", "total":"4"}}
{"logTime": "0428/104030", "correlationVector":"MUBi2jU3gFsGuKcAFNa3XE.4","action":"ProcessGetUpdates", "result":"Done", "context":{"dataType":"Device Info", "deleted":"0", "process_failed_to_decrypt":"0", "process_pending_decryption":"0", "process_success":"6", "total":"6"}}
{"logTime": "0428/104030", "correlationVector":"MUBi2jU3gFsGuKcAFNa3XE.5","action":"GetUpdates Response", "result":"Success", "context":Received 65 update(s). cV=MUBi2jU3gFsGuKcAFNa3XE.0;server=akswtt003000018;cloudType=Consumer;environment=Prod_germanywestcentral_prod-s01-011-eur-germanywestcentral;migrationStage=NotStarted}
{"logTime": "0428/104030", "correlationVector":"5q0QqZSDKc6FeNsHOVF2sa","action":"Initial GetUpdates", "result":"", "context":Reason: NEWLY_SUPPORTED_DATATYPE. cV=5q0QqZSDKc6FeNsHOVF2sa}
{"logTime": "0428/104030", "correlationVector":"5q0QqZSDKc6FeNsHOVF2sa.1","action":"SyncServerConnectionManagerRequest", "result":"SYNC_SERVER_OK", "context":{"environment":"Prod_germanywestcentral_prod-s01-011-eur-germanywestcentral", "migrationStage":"NotStarted", "server":"akswtt003000016"}}
{"logTime": "0428/104030", "correlationVector":"5q0QqZSDKc6FeNsHOVF2sa.2","action":"ProcessGetUpdates", "result":"Done", "context":{"dataType":"Bookmarks", "deleted":"0", "process_failed_to_decrypt":"0", "process_pending_decryption":"0", "process_success":"6", "total":"6"}}
{"logTime": "0428/104030", "correlationVector":"5q0QqZSDKc6FeNsHOVF2sa.3","action":"GetUpdates Response", "result":"Success", "context":Received 6 update(s). cV=5q0QqZSDKc6FeNsHOVF2sa.0;server=akswtt003000016;cloudType=Consumer;environment=Prod_germanywestcentral_prod-s01-011-eur-germanywestcentral;migrationStage=NotStarted}
{"logTime": "0428/104030", "correlationVector":"K8dlbo/UZJzAKTs76spRYQ","action":"Initial GetUpdates", "result":"", "context":Reason: NEWLY_SUPPORTED_DATATYPE. cV=K8dlbo/UZJzAKTs76spRYQ}
{"logTime": "0428/104030", "correlationVector":"K8dlbo/UZJzAKTs76spRYQ.1","action":"SyncServerConnectionManagerRequest", "result":"SYNC_SERVER_OK", "context":{"environment":"Prod_germanywestcentral_prod-s01-010-eur-germanywestcentral", "migrationStage":"NotStarted", "server":"akswtt000000007"}}
{"logTime": "0428/104030", "correlationVector":"K8dlbo/UZJzAKTs76spRYQ.2","action":"ProcessGetUpdates", "result":"Done", "context":{"dataType":"Autofill", "deleted":"0", "process_failed_to_decrypt":"0", "process_pending_decryption":"0", "process_success":"20", "total":"20"}}
{"logTime": "0428/104030", "correlationVector":"K8dlbo/UZJzAKTs76spRYQ.3","action":"ProcessGetUpdates", "result":"Done", "context":{"dataType":"Sessions", "deleted":"28", "process_failed_to_decrypt":"0", "process_pending_decryption":"0", "process_success":"28", "total":"28"}}
{"logTime": "0428/104030", "correlationVector":"K8dlbo/UZJzAKTs76spRYQ.4","action":"ProcessGetUpdates", "result":"Done", "context":{"dataType":"Edge Hub App Usage", "deleted":"4", "process_failed_to_decrypt":"0", "process_pending_decryption":"0", "process_success":"6", "total":"6"}}
{"logTime": "0428/104030", "correlationVector":"K8dlbo/UZJzAKTs76spRYQ.5","action":"GetUpdates Response", "result":"Success", "context":Received 54 update(s). cV=K8dlbo/UZJzAKTs76spRYQ.0;server=akswtt000000007;cloudType=Consumer;environment=Prod_germanywestcentral_prod-s01-010-eur-germanywestcentral;migrationStage=NotStarted}
{"logTime": "0428/104030", "correlationVector":"XAwErWm6JMUfSiD12y5rq0","action":"Initial GetUpdates", "result":"", "context":Reason: NEWLY_SUPPORTED_DATATYPE. cV=XAwErWm6JMUfSiD12y5rq0}
{"logTime": "0428/104031", "correlationVector":"XAwErWm6JMUfSiD12y5rq0.1","action":"SyncServerConnectionManagerRequest", "result":"SYNC_SERVER_OK", "context":{"environment":"Prod_westeurope_prod-s01-079-eur-westeurope", "migrationStage":"NotStarted", "server":"akswtt00100000t"}}
{"logTime": "0428/104031", "correlationVector":"XAwErWm6JMUfSiD12y5rq0.2","action":"ProcessGetUpdates", "result":"Done", "context":{"dataType":"History", "deleted":"0", "process_failed_to_decrypt":"0", "process_pending_decryption":"0", "process_success":"118", "total":"118"}}
{"logTime": "0428/104031", "correlationVector":"XAwErWm6JMUfSiD12y5rq0.3","action":"GetUpdates Response", "result":"Success", "context":Received 118 update(s). cV=XAwErWm6JMUfSiD12y5rq0.0;server=akswtt00100000t;cloudType=Consumer;environment=Prod_westeurope_prod-s01-079-eur-westeurope;migrationStage=NotStarted}
{"logTime": "0428/104031", "correlationVector":"Z2QjMlwUF9Gz916OIrFXw2","action":"Normal GetUpdate request", "result":"", "context":cV=Z2QjMlwUF9Gz916OIrFXw2
Nudged types: Sessions, Device Info, User Consents
Refresh requested types: Bookmarks, Preferences, Passwords, Autofill Profiles, Autofill, Extensions, Sessions, Extension settings, History Delete Directives, Device Info, User Consents, Send Tab To Self, Web Apps, History, Saved Tab Group, WebAuthn Credentials, Collection, Edge E Drop, Edge Hub App Usage, Edge Wallet, Edge Workspace, Encryption Keys}
{"logTime": "0428/104031", "correlationVector":"Z2QjMlwUF9Gz916OIrFXw2.1","action":"SyncServerConnectionManagerRequest", "result":"SYNC_SERVER_OK", "context":{"environment":"Prod_germanywestcentral_prod-s01-010-eur-germanywestcentral", "migrationStage":"NotStarted", "server":"akswtt000000009"}}
{"logTime": "0428/104031", "correlationVector":"Z2QjMlwUF9Gz916OIrFXw2.2","action":"GetUpdates Response", "result":"Success", "context":Received 0 update(s). cV=Z2QjMlwUF9Gz916OIrFXw2.0;server=akswtt000000009;cloudType=Consumer;environment=Prod_germanywestcentral_prod-s01-010-eur-germanywestcentral;migrationStage=NotStarted}
{"logTime": "0428/104031", "correlationVector":"WbHGjfPIRVPy4ZdsFkHn46","action":"DoCompareDataConsistency requsted types: ", "result":"Bookmarks, Preferences, Passwords, Extensions, Extension settings, History Delete Directives, Send Tab To Self, Web Apps, History, Saved Tab Group, WebAuthn Credentials, Collection, Edge E Drop, Edge Wallet, Edge Workspace, Encryption Keys"}
{"logTime": "0428/104031", "correlationVector":"WbHGjfPIRVPy4ZdsFkHn46.0","action":"CompareDataConsistency result: ", "result":"Compare result: Encryption Keys is consistent. local entities count is: 1 local entities hash is: M2+0+IR4+IQxx0H5P2B9tW0ZZOc="}
{"logTime": "0428/104031", "correlationVector":"WbHGjfPIRVPy4ZdsFkHn46.1","action":"CompareDataConsistency result: ", "result":"Compare result: Bookmarks is consistent. local entities count is: 0 local entities hash is: "}
{"logTime": "0428/104031", "correlationVector":"WbHGjfPIRVPy4ZdsFkHn46.2","action":"CompareDataConsistency result: ", "result":"Compare result: Preferences is consistent. local entities count is: 55 local entities hash is: mZHPkFyRcZ21PQpZTIgKHIZ2Bp0="}
{"logTime": "0428/104031", "correlationVector":"WbHGjfPIRVPy4ZdsFkHn46.3","action":"CompareDataConsistency result: ", "result":"Compare result: Extensions is consistent. local entities count is: 0 local entities hash is: "}
{"logTime": "0428/104031", "correlationVector":"WbHGjfPIRVPy4ZdsFkHn46.4","action":"CompareDataConsistency result: ", "result":"Compare result: Extension settings is consistent. local entities count is: 0 local entities hash is: "}
{"logTime": "0428/104031", "correlationVector":"WbHGjfPIRVPy4ZdsFkHn46.5","action":"CompareDataConsistency result: ", "result":"Compare result: History Delete Directives is consistent. local entities count is: 0 local entities hash is: "}
{"logTime": "0428/104031", "correlationVector":"WbHGjfPIRVPy4ZdsFkHn46.6","action":"CompareDataConsistency result: ", "result":"Server did not send this Send Tab To Self local entities count is: 0 local entities hash is: "}
{"logTime": "0428/104031", "correlationVector":"WbHGjfPIRVPy4ZdsFkHn46.7","action":"CompareDataConsistency result: ", "result":"Compare result: Web Apps is consistent. local entities count is: 0 local entities hash is: "}
{"logTime": "0428/104031", "correlationVector":"WbHGjfPIRVPy4ZdsFkHn46.8","action":"CompareDataConsistency result: ", "result":"Server did not send this History local entities count is: 0 local entities hash is: "}
{"logTime": "0428/104031", "correlationVector":"WbHGjfPIRVPy4ZdsFkHn46.9","action":"CompareDataConsistency result: ", "result":"Compare result: Saved Tab Group is consistent. local entities count is: 0 local entities hash is: "}
{"logTime": "0428/104031", "correlationVector":"WbHGjfPIRVPy4ZdsFkHn46.10","action":"CompareDataConsistency result: ", "result":"Server did not send this WebAuthn Credentials local entities count is: 0 local entities hash is: "}
{"logTime": "0428/104031", "correlationVector":"WbHGjfPIRVPy4ZdsFkHn46.11","action":"CompareDataConsistency result: ", "result":"Compare result: Collection is consistent. local entities count is: 0 local entities hash is: "}
{"logTime": "0428/104031", "correlationVector":"WbHGjfPIRVPy4ZdsFkHn46.12","action":"CompareDataConsistency result: ", "result":"Compare result: Edge E Drop is consistent. local entities count is: 0 local entities hash is: "}
{"logTime": "0428/104031", "correlationVector":"WbHGjfPIRVPy4ZdsFkHn46.13","action":"CompareDataConsistency result: ", "result":"Compare result: Edge Wallet is consistent. local entities count is: 0 local entities hash is: "}
{"logTime": "0428/104031", "correlationVector":"WbHGjfPIRVPy4ZdsFkHn46.14","action":"CompareDataConsistency result: ", "result":"Server did not send this Edge Workspace local entities count is: 0 local entities hash is: "}
{"logTime": "0428/104031", "correlationVector":"WbHGjfPIRVPy4ZdsFkHn46.15","action":"CompareDataConsistency result: ", "result":"Compare result: Passwords is consistent. local entities count is: 4 local entities hash is: xOomitYzMvnLO4VWHJs+DqV2bl0="}
{"logTime": "0428/104031", "correlationVector":"tX6mZomBC4sZpw4rHr/ov3","action":"Commit Request", "result":"", "context":Item count: 4
Contributing types: Sessions, Device Info, User Consents}
{"logTime": "0428/104031", "correlationVector":"tX6mZomBC4sZpw4rHr/ov3.1","action":"SyncServerConnectionManagerRequest", "result":"SYNC_SERVER_OK", "context":{"environment":"Prod_germanywestcentral_prod-s01-010-eur-germanywestcentral", "migrationStage":"NotStarted", "server":"akswtt000000002"}}
{"logTime": "0428/104031", "correlationVector":"tX6mZomBC4sZpw4rHr/ov3.2","action":"Commit Response", "result":"Success", "context":Result: Success. cV=tX6mZomBC4sZpw4rHr/ov3.0;server=akswtt000000002;cloudType=Consumer;environment=Prod_germanywestcentral_prod-s01-010-eur-germanywestcentral;migrationStage=NotStarted}
{"logTime": "0428/104031", "correlationVector":"","action":"DIAGNOSTIC_REQUEST|v1/diagnosticData/Diagnostic.SendCheckResult()|SUCCESS", "result":""}
{"logTime": "0428/104039", "correlationVector":"8IB8XX+5QiuIVMEd4kWu43","action":"Commit Request", "result":"", "context":Item count: 2
Contributing types: Edge Hub App Usage}
{"logTime": "0428/104039", "correlationVector":"8IB8XX+5QiuIVMEd4kWu43.1","action":"SyncServerConnectionManagerRequest", "result":"SYNC_SERVER_OK", "context":{"environment":"Prod_germanywestcentral_prod-s01-011-eur-germanywestcentral", "migrationStage":"NotStarted", "server":"akswtt003000010"}}
{"logTime": "0428/104039", "correlationVector":"8IB8XX+5QiuIVMEd4kWu43.2","action":"Commit Response", "result":"Success", "context":Result: Success. cV=8IB8XX+5QiuIVMEd4kWu43.0;server=akswtt003000010;cloudType=Consumer;environment=Prod_germanywestcentral_prod-s01-011-eur-germanywestcentral;migrationStage=NotStarted}
{"logTime": "0428/104054", "correlationVector":"N9BRUQzsDPut1u2SSKYHMz","action":"Commit Request", "result":"", "context":Item count: 1
Contributing types: Preferences}
{"logTime": "0428/104054", "correlationVector":"N9BRUQzsDPut1u2SSKYHMz.1","action":"SyncServerConnectionManagerRequest", "result":"SYNC_SERVER_OK", "context":{"environment":"Prod_germanywestcentral_prod-s01-010-eur-germanywestcentral", "migrationStage":"NotStarted", "server":"akswtt000000007"}}
{"logTime": "0428/104054", "correlationVector":"N9BRUQzsDPut1u2SSKYHMz.2","action":"Commit Response", "result":"Success", "context":Result: Success. cV=N9BRUQzsDPut1u2SSKYHMz.0;server=akswtt000000007;cloudType=Consumer;environment=Prod_germanywestcentral_prod-s01-010-eur-germanywestcentral;migrationStage=NotStarted}
{"logTime": "0428/104122", "correlationVector":"AfCOkB2y77U58TEhexTVvC","action":"Commit Request", "result":"", "context":Item count: 3
Contributing types: Passwords, Sessions, History}
{"logTime": "0428/104122", "correlationVector":"AfCOkB2y77U58TEhexTVvC.1","action":"SyncServerConnectionManagerRequest", "result":"SYNC_SERVER_OK", "context":{"environment":"Prod_germanywestcentral_prod-s01-010-eur-germanywestcentral", "migrationStage":"NotStarted", "server":"akswtt00000001b"}}
{"logTime": "0428/104122", "correlationVector":"AfCOkB2y77U58TEhexTVvC.2","action":"Commit Response", "result":"Success", "context":Result: Success. cV=AfCOkB2y77U58TEhexTVvC.0;server=akswtt00000001b;cloudType=Consumer;environment=Prod_germanywestcentral_prod-s01-010-eur-germanywestcentral;migrationStage=NotStarted}
