2026-04-28 10:40:23.033: [INFO] VisibilityChanged: 0
2026-04-28 10:40:23.154: [INFO] RecordSyncInitDuration has_sync_been_enabled: 0 state: 0
2026-04-28 10:40:23.157: [INFO] RecordSyncInitDuration has_sync_been_enabled: 0 state: 0
2026-04-28 10:40:23.160: [INFO] RecordSyncInitDuration has_sync_been_enabled: 0 state: 0
2026-04-28 10:40:23.163: [INFO] RecordSyncInitDuration has_sync_been_enabled: 0 state: 0
2026-04-28 10:40:23.166: [INFO] RecordSyncInitDuration has_sync_been_enabled: 0 state: 0
2026-04-28 10:40:23.168: [INFO] RecordSyncInitDuration has_sync_been_enabled: 0 state: 0
2026-04-28 10:40:23.171: [INFO] RecordSyncInitDuration has_sync_been_enabled: 0 state: 0
2026-04-28 10:40:23.173: [INFO] RecordSyncInitDuration has_sync_been_enabled: 0 state: 0
2026-04-28 10:40:23.176: [INFO] RecordSyncInitDuration has_sync_been_enabled: 0 state: 0
2026-04-28 10:40:23.179: [INFO] RecordSyncInitDuration has_sync_been_enabled: 0 state: 0
2026-04-28 10:40:23.181: [INFO] RecordSyncInitDuration has_sync_been_enabled: 0 state: 0
2026-04-28 10:40:23.183: [INFO] RecordSyncInitDuration has_sync_been_enabled: 0 state: 0
2026-04-28 10:40:23.240: [INFO] BookmarkModelLoaded, ids_reassigned: 0
2026-04-28 10:40:23.240: [INFO] OnDoneLoading sync enabled: 0
2026-04-28 10:40:23.421: [INFO] RecordSyncInitDuration has_sync_been_enabled: 0 state: 0
2026-04-28 10:40:27.377: [INFO] RecordSyncInitDuration has_sync_been_enabled: 0 state: 0
2026-04-28 10:40:27.387: [INFO] RecordSyncInitDuration has_sync_been_enabled: 0 state: 3
2026-04-28 10:40:27.396: [INFO] Primary account changed.
2026-04-28 10:40:27.396: [INFO] OnPrimaryAccountChanged PrimaryAccountChangeEvent::Type::kSet
2026-04-28 10:40:27.408: [INFO] RecordSyncInitDuration has_sync_been_enabled: 0 state: 3
2026-04-28 10:40:30.832: [INFO] Sync initialization duration: 2926ms
